#
# A fatal error has been detected by the Java Runtime Environment:
#
#  EXCEPTION_ACCESS_VIOLATION (0xc0000005) at pc=0x6d93330a, pid=9348, tid=9824
#
# JRE version: 6.0_25-b06
# Java VM: Java HotSpot(TM) Client VM (20.0-b11 mixed mode, sharing windows-x86 )
# Problematic frame:
# V  [jvm.dll+0x9330a]
#
# If you would like to submit a bug report, please visit:
#   http://java.sun.com/webapps/bugreport/crash.jsp
#

---------------  T H R E A D  ---------------

Current thread (0x0462cc00):  JavaThread "AWT-EventQueue-0" [_thread_in_vm, id=9824, stack(0x06f70000,0x06fc0000)]

siginfo: ExceptionCode=0xc0000005, reading address 0x00000000

Registers:
EAX=0x00000000, EBX=0x0462cc00, ECX=0x00000006, EDX=0x00000000
ESP=0x06fbea7c, EBP=0x06fbea98, ESI=0x003bb158, EDI=0x0462cd28
EIP=0x6d93330a, EFLAGS=0x00010246

Top of Stack: (sp=0x06fbea7c)
0x06fbea7c:   0462cd28 003bb158 34422f48 0462cc00
0x06fbea8c:   00000000 00001536 34422f48 06fbeac8
0x06fbea9c:   6c2c1b0a 0462cd28 00000000 00000000
0x06fbeaac:   0462cc00 34422f40 34422f48 040912b4
0x06fbeabc:   34422f48 34422f40 0462cc00 06fbeb14
0x06fbeacc:   0202a63c 0462cd28 06fbeb28 00000000
0x06fbeadc:   000000b4 040912d0 040912d4 06fbeaec
0x06fbeaec:   0462cc05 246e2330 06fbeaec 34422f40 

Instructions: (pc=0x6d93330a)
0x6d9332ea:   ff 8b 43 04 83 c4 08 85 c0 89 5d f0 c7 45 f4 00
0x6d9332fa:   00 00 00 74 08 8d 4d f0 e8 49 e2 09 00 8b 45 0c
0x6d93330a:   8b 38 57 e8 8e a1 f8 ff 8d 70 01 56 e8 a5 d1 06
0x6d93331a:   00 83 c4 08 85 c0 89 45 08 75 19 68 8c 73 ac 6d 


Register to memory mapping:

EAX=0x00000000 is an unknown value
EBX=0x0462cc00 is a thread
ECX=0x00000006 is an unknown value
EDX=0x00000000 is an unknown value
ESP=0x06fbea7c is pointing into the stack for thread: 0x0462cc00
EBP=0x06fbea98 is pointing into the stack for thread: 0x0462cc00
ESI=0x003bb158 is an unknown value
EDI=0x0462cd28 is an unknown value


Stack: [0x06f70000,0x06fc0000],  sp=0x06fbea7c,  free space=314k
Native frames: (J=compiled Java code, j=interpreted, Vv=VM code, C=native code)
V  [jvm.dll+0x9330a]
C  [libsqlitejdbc-2843069666737981328.lib+0x1b0a]  Java_org_sqlite_NativeDB_prepare+0x28
j  org.sqlite.NativeDB.prepare(Ljava/lang/String;)J+0
j  org.sqlite.DB.prepare(Lorg/sqlite/Stmt;)V+21
j  org.sqlite.Stmt.executeQuery(Ljava/lang/String;)Ljava/sql/ResultSet;+14
j  hcsws1.Main.conn(Ljava/lang/String;Ljava/lang/String;)V+48
j  hcsws1.Main$2.actionPerformed(Ljava/awt/event/ActionEvent;)V+18
j  javax.swing.AbstractButton.fireActionPerformed(Ljava/awt/event/ActionEvent;)V+84
j  javax.swing.AbstractButton$Handler.actionPerformed(Ljava/awt/event/ActionEvent;)V+5
j  javax.swing.DefaultButtonModel.fireActionPerformed(Ljava/awt/event/ActionEvent;)V+35
j  javax.swing.DefaultButtonModel.setPressed(Z)V+117
j  javax.swing.plaf.basic.BasicButtonListener.mouseReleased(Ljava/awt/event/MouseEvent;)V+35
j  java.awt.Component.processMouseEvent(Ljava/awt/event/MouseEvent;)V+64
j  javax.swing.JComponent.processMouseEvent(Ljava/awt/event/MouseEvent;)V+23
j  java.awt.Component.processEvent(Ljava/awt/AWTEvent;)V+81
j  java.awt.Container.processEvent(Ljava/awt/AWTEvent;)V+18
j  java.awt.Component.dispatchEventImpl(Ljava/awt/AWTEvent;)V+566
j  java.awt.Container.dispatchEventImpl(Ljava/awt/AWTEvent;)V+42
j  java.awt.Component.dispatchEvent(Ljava/awt/AWTEvent;)V+2
j  java.awt.LightweightDispatcher.retargetMouseEvent(Ljava/awt/Component;ILjava/awt/event/MouseEvent;)V+320
j  java.awt.LightweightDispatcher.processMouseEvent(Ljava/awt/event/MouseEvent;)Z+139
j  java.awt.LightweightDispatcher.dispatchEvent(Ljava/awt/AWTEvent;)Z+50
j  java.awt.Container.dispatchEventImpl(Ljava/awt/AWTEvent;)V+12
j  java.awt.Window.dispatchEventImpl(Ljava/awt/AWTEvent;)V+19
j  java.awt.Component.dispatchEvent(Ljava/awt/AWTEvent;)V+2
j  java.awt.EventQueue.dispatchEventImpl(Ljava/awt/AWTEvent;Ljava/lang/Object;)V+41
j  java.awt.EventQueue.access$000(Ljava/awt/EventQueue;Ljava/awt/AWTEvent;Ljava/lang/Object;)V+3
j  java.awt.EventQueue$1.run()Ljava/lang/Void;+12
j  java.awt.EventQueue$1.run()Ljava/lang/Object;+1
v  ~StubRoutines::call_stub
V  [jvm.dll+0xfad0b]
V  [jvm.dll+0x18c241]
V  [jvm.dll+0xfad8d]
V  [jvm.dll+0xbb634]
C  [java.dll+0x102f]  Java_java_security_AccessController_doPrivileged__Ljava_security_PrivilegedAction_2Ljava_security_AccessControlContext_2+0x17
j  java.security.AccessControlContext$1.doIntersectionPrivilege(Ljava/security/PrivilegedAction;Ljava/security/AccessControlContext;Ljava/security/AccessControlContext;)Ljava/lang/Object;+28
j  java.security.AccessControlContext$1.doIntersectionPrivilege(Ljava/security/PrivilegedAction;Ljava/security/AccessControlContext;)Ljava/lang/Object;+6
j  java.awt.EventQueue$2.run()Ljava/lang/Void;+11
j  java.awt.EventQueue$2.run()Ljava/lang/Object;+1
v  ~StubRoutines::call_stub
V  [jvm.dll+0xfad0b]
V  [jvm.dll+0x18c241]
V  [jvm.dll+0xfad8d]
V  [jvm.dll+0xbb634]
C  [java.dll+0x102f]  Java_java_security_AccessController_doPrivileged__Ljava_security_PrivilegedAction_2Ljava_security_AccessControlContext_2+0x17
j  java.security.AccessControlContext$1.doIntersectionPrivilege(Ljava/security/PrivilegedAction;Ljava/security/AccessControlContext;Ljava/security/AccessControlContext;)Ljava/lang/Object;+28
j  java.awt.EventQueue.dispatchEvent(Ljava/awt/AWTEvent;)V+73
j  java.awt.EventDispatchThread.pumpOneEventForFilters(I)Z+204
j  java.awt.EventDispatchThread.pumpEventsForFilter(ILjava/awt/Conditional;Ljava/awt/EventFilter;)V+30
j  java.awt.EventDispatchThread.pumpEventsForHierarchy(ILjava/awt/Conditional;Ljava/awt/Component;)V+11
j  java.awt.EventDispatchThread.pumpEvents(ILjava/awt/Conditional;)V+4
j  java.awt.EventDispatchThread.pumpEvents(Ljava/awt/Conditional;)V+3
j  java.awt.EventDispatchThread.run()V+9
v  ~StubRoutines::call_stub
V  [jvm.dll+0xfad0b]
V  [jvm.dll+0x18c241]
V  [jvm.dll+0xfaeb1]
V  [jvm.dll+0xfaf0b]
V  [jvm.dll+0xb5549]
V  [jvm.dll+0x118f44]
V  [jvm.dll+0x140a8c]
C  [msvcr71.dll+0x9565]  endthreadex+0xa0
C  [KERNEL32.DLL+0x1919f]  BaseThreadInitThunk+0xe
C  [ntdll.dll+0x4a8cb]  RtlInitializeExceptionChain+0x84
C  [ntdll.dll+0x4a8a1]  RtlInitializeExceptionChain+0x5a

Java frames: (J=compiled Java code, j=interpreted, Vv=VM code)
j  org.sqlite.NativeDB.prepare(Ljava/lang/String;)J+0
j  org.sqlite.DB.prepare(Lorg/sqlite/Stmt;)V+21
j  org.sqlite.Stmt.executeQuery(Ljava/lang/String;)Ljava/sql/ResultSet;+14
j  hcsws1.Main.conn(Ljava/lang/String;Ljava/lang/String;)V+48
j  hcsws1.Main$2.actionPerformed(Ljava/awt/event/ActionEvent;)V+18
j  javax.swing.AbstractButton.fireActionPerformed(Ljava/awt/event/ActionEvent;)V+84
j  javax.swing.AbstractButton$Handler.actionPerformed(Ljava/awt/event/ActionEvent;)V+5
j  javax.swing.DefaultButtonModel.fireActionPerformed(Ljava/awt/event/ActionEvent;)V+35
j  javax.swing.DefaultButtonModel.setPressed(Z)V+117
j  javax.swing.plaf.basic.BasicButtonListener.mouseReleased(Ljava/awt/event/MouseEvent;)V+35
j  java.awt.Component.processMouseEvent(Ljava/awt/event/MouseEvent;)V+64
j  javax.swing.JComponent.processMouseEvent(Ljava/awt/event/MouseEvent;)V+23
j  java.awt.Component.processEvent(Ljava/awt/AWTEvent;)V+81
j  java.awt.Container.processEvent(Ljava/awt/AWTEvent;)V+18
j  java.awt.Component.dispatchEventImpl(Ljava/awt/AWTEvent;)V+566
j  java.awt.Container.dispatchEventImpl(Ljava/awt/AWTEvent;)V+42
j  java.awt.Component.dispatchEvent(Ljava/awt/AWTEvent;)V+2
j  java.awt.LightweightDispatcher.retargetMouseEvent(Ljava/awt/Component;ILjava/awt/event/MouseEvent;)V+320
j  java.awt.LightweightDispatcher.processMouseEvent(Ljava/awt/event/MouseEvent;)Z+139
j  java.awt.LightweightDispatcher.dispatchEvent(Ljava/awt/AWTEvent;)Z+50
j  java.awt.Container.dispatchEventImpl(Ljava/awt/AWTEvent;)V+12
j  java.awt.Window.dispatchEventImpl(Ljava/awt/AWTEvent;)V+19
j  java.awt.Component.dispatchEvent(Ljava/awt/AWTEvent;)V+2
j  java.awt.EventQueue.dispatchEventImpl(Ljava/awt/AWTEvent;Ljava/lang/Object;)V+41
j  java.awt.EventQueue.access$000(Ljava/awt/EventQueue;Ljava/awt/AWTEvent;Ljava/lang/Object;)V+3
j  java.awt.EventQueue$1.run()Ljava/lang/Void;+12
j  java.awt.EventQueue$1.run()Ljava/lang/Object;+1
v  ~StubRoutines::call_stub
j  java.security.AccessController.doPrivileged(Ljava/security/PrivilegedAction;Ljava/security/AccessControlContext;)Ljava/lang/Object;+0
j  java.security.AccessControlContext$1.doIntersectionPrivilege(Ljava/security/PrivilegedAction;Ljava/security/AccessControlContext;Ljava/security/AccessControlContext;)Ljava/lang/Object;+28
j  java.security.AccessControlContext$1.doIntersectionPrivilege(Ljava/security/PrivilegedAction;Ljava/security/AccessControlContext;)Ljava/lang/Object;+6
j  java.awt.EventQueue$2.run()Ljava/lang/Void;+11
j  java.awt.EventQueue$2.run()Ljava/lang/Object;+1
v  ~StubRoutines::call_stub
j  java.security.AccessController.doPrivileged(Ljava/security/PrivilegedAction;Ljava/security/AccessControlContext;)Ljava/lang/Object;+0
j  java.security.AccessControlContext$1.doIntersectionPrivilege(Ljava/security/PrivilegedAction;Ljava/security/AccessControlContext;Ljava/security/AccessControlContext;)Ljava/lang/Object;+28
j  java.awt.EventQueue.dispatchEvent(Ljava/awt/AWTEvent;)V+73
j  java.awt.EventDispatchThread.pumpOneEventForFilters(I)Z+204
j  java.awt.EventDispatchThread.pumpEventsForFilter(ILjava/awt/Conditional;Ljava/awt/EventFilter;)V+30
j  java.awt.EventDispatchThread.pumpEventsForHierarchy(ILjava/awt/Conditional;Ljava/awt/Component;)V+11
j  java.awt.EventDispatchThread.pumpEvents(ILjava/awt/Conditional;)V+4
j  java.awt.EventDispatchThread.pumpEvents(Ljava/awt/Conditional;)V+3
j  java.awt.EventDispatchThread.run()V+9
v  ~StubRoutines::call_stub

---------------  P R O C E S S  ---------------

Java Threads: ( => current thread )
  0x04684c00 JavaThread "TimerQueue" daemon [_thread_blocked, id=5180, stack(0x07440000,0x07490000)]
  0x04681000 JavaThread "D3D Screen Updater" daemon [_thread_blocked, id=8600, stack(0x071b0000,0x07200000)]
  0x003f9000 JavaThread "DestroyJavaVM" [_thread_blocked, id=5636, stack(0x01b20000,0x01b70000)]
=>0x0462cc00 JavaThread "AWT-EventQueue-0" [_thread_in_vm, id=9824, stack(0x06f70000,0x06fc0000)]
  0x0460a400 JavaThread "AWT-Windows" daemon [_thread_in_native, id=6128, stack(0x04e20000,0x04e70000)]
  0x04609c00 JavaThread "AWT-Shutdown" [_thread_blocked, id=5516, stack(0x04d90000,0x04de0000)]
  0x0411ec00 JavaThread "Java2D Disposer" daemon [_thread_blocked, id=11044, stack(0x04d00000,0x04d50000)]
  0x0408fc00 JavaThread "Low Memory Detector" daemon [_thread_blocked, id=6004, stack(0x04520000,0x04570000)]
  0x04088c00 JavaThread "C1 CompilerThread0" daemon [_thread_blocked, id=9352, stack(0x04490000,0x044e0000)]
  0x04087c00 JavaThread "Attach Listener" daemon [_thread_blocked, id=4208, stack(0x04400000,0x04450000)]
  0x04085c00 JavaThread "Signal Dispatcher" daemon [_thread_blocked, id=5576, stack(0x04370000,0x043c0000)]
  0x0407c400 JavaThread "Finalizer" daemon [_thread_blocked, id=3304, stack(0x042e0000,0x04330000)]
  0x0407b000 JavaThread "Reference Handler" daemon [_thread_blocked, id=9600, stack(0x04250000,0x042a0000)]

Other Threads:
  0x0403f000 VMThread [stack: 0x041c0000,0x04210000] [id=5220]
  0x04096800 WatcherThread [stack: 0x045b0000,0x04600000] [id=604]

VM state:not at safepoint (normal execution)

VM Mutex/Monitor currently owned by a thread: None

Heap
 def new generation   total 4928K, used 3482K [0x243a0000, 0x248f0000, 0x298f0000)
  eden space 4416K,  78% used [0x243a0000, 0x24706808, 0x247f0000)
  from space 512K,   0% used [0x247f0000, 0x247f0000, 0x24870000)
  to   space 512K,   0% used [0x24870000, 0x24870000, 0x248f0000)
 tenured generation   total 10944K, used 0K [0x298f0000, 0x2a3a0000, 0x343a0000)
   the space 10944K,   0% used [0x298f0000, 0x298f0000, 0x298f0200, 0x2a3a0000)
 compacting perm gen  total 12288K, used 687K [0x343a0000, 0x34fa0000, 0x383a0000)
   the space 12288K,   5% used [0x343a0000, 0x3444bf10, 0x3444c000, 0x34fa0000)
    ro space 10240K,  54% used [0x383a0000, 0x3891e770, 0x3891e800, 0x38da0000)
    rw space 12288K,  55% used [0x38da0000, 0x39444ac8, 0x39444c00, 0x399a0000)

Code Cache  [0x02020000, 0x020d8000, 0x04020000)
 total_blobs=363 nmethods=160 adapters=139 free_code_cache=32809344 largest_free_block=0

Dynamic libraries:
0x00400000 - 0x00424000 	F:\Venolin\Software Installations\Java\jdk1.6.0_25\bin\java.exe
0x76f20000 - 0x77088000 	C:\Windows\SYSTEM32\ntdll.dll
0x76a90000 - 0x76bd0000 	C:\Windows\SYSTEM32\KERNEL32.DLL
0x766b0000 - 0x7677f000 	C:\Windows\SYSTEM32\KERNELBASE.dll
0x71cd0000 - 0x71d69000 	C:\Windows\system32\apphelp.dll
0x71a70000 - 0x71cc9000 	C:\Windows\AppPatch\AcGenral.DLL
0x74990000 - 0x74a4e000 	C:\Windows\SYSTEM32\msvcrt.dll
0x76920000 - 0x7695e000 	C:\Windows\SYSTEM32\sechost.dll
0x74940000 - 0x7495d000 	C:\Windows\SYSTEM32\SspiCli.dll
0x74c90000 - 0x74cd1000 	C:\Windows\SYSTEM32\SHLWAPI.dll
0x71ed0000 - 0x71fab000 	C:\Windows\SYSTEM32\UxTheme.dll
0x74ce0000 - 0x74e2f000 	C:\Windows\SYSTEM32\USER32.dll
0x76970000 - 0x76a77000 	C:\Windows\SYSTEM32\GDI32.dll
0x71a50000 - 0x71a70000 	C:\Windows\SYSTEM32\WINMM.dll
0x71a30000 - 0x71a42000 	C:\Windows\SYSTEM32\samcli.dll
0x76d40000 - 0x76e4c000 	C:\Windows\SYSTEM32\ole32.dll
0x74e30000 - 0x74eb7000 	C:\Windows\SYSTEM32\OLEAUT32.dll
0x719a0000 - 0x719b5000 	C:\Windows\SYSTEM32\MSACM32.dll
0x748c0000 - 0x748c8000 	C:\Windows\SYSTEM32\VERSION.dll
0x74f20000 - 0x760e0000 	C:\Windows\SYSTEM32\SHELL32.dll
0x71980000 - 0x71999000 	C:\Windows\SYSTEM32\USERENV.dll
0x71eb0000 - 0x71ec8000 	C:\Windows\SYSTEM32\dwmapi.dll
0x71850000 - 0x71972000 	C:\Windows\SYSTEM32\urlmon.dll
0x76630000 - 0x766a8000 	C:\Windows\SYSTEM32\ADVAPI32.dll
0x74860000 - 0x748be000 	C:\Windows\SYSTEM32\WINSPOOL.DRV
0x71830000 - 0x71844000 	C:\Windows\SYSTEM32\MPR.dll
0x76310000 - 0x763c1000 	C:\Windows\SYSTEM32\RPCRT4.dll
0x74930000 - 0x74939000 	C:\Windows\SYSTEM32\CRYPTBASE.dll
0x767d0000 - 0x7691e000 	C:\Windows\SYSTEM32\combase.dll
0x71810000 - 0x71830000 	C:\Windows\SYSTEM32\WINMMBASE.dll
0x71fb0000 - 0x71fbe000 	C:\Windows\SYSTEM32\profapi.dll
0x715f0000 - 0x71809000 	C:\Windows\SYSTEM32\iertutil.dll
0x71430000 - 0x715ed000 	C:\Windows\SYSTEM32\WININET.dll
0x748d0000 - 0x74923000 	C:\Windows\SYSTEM32\bcryptPrimitives.dll
0x760e0000 - 0x7611a000 	C:\Windows\SYSTEM32\cfgmgr32.dll
0x74840000 - 0x7485f000 	C:\Windows\SYSTEM32\DEVOBJ.dll
0x71fc0000 - 0x72036000 	C:\Windows\SYSTEM32\SHCORE.DLL
0x74960000 - 0x74985000 	C:\Windows\system32\IMM32.DLL
0x763d0000 - 0x764c7000 	C:\Windows\SYSTEM32\MSCTF.dll
0x7c340000 - 0x7c396000 	F:\Venolin\Software Installations\Java\jdk1.6.0_25\jre\bin\msvcr71.dll
0x6d8a0000 - 0x6db4f000 	F:\Venolin\Software Installations\Java\jdk1.6.0_25\jre\bin\client\jvm.dll
0x6d850000 - 0x6d85c000 	F:\Venolin\Software Installations\Java\jdk1.6.0_25\jre\bin\verify.dll
0x6d3d0000 - 0x6d3ef000 	F:\Venolin\Software Installations\Java\jdk1.6.0_25\jre\bin\java.dll
0x76a80000 - 0x76a86000 	C:\Windows\SYSTEM32\PSAPI.DLL
0x6d890000 - 0x6d89f000 	F:\Venolin\Software Installations\Java\jdk1.6.0_25\jre\bin\zip.dll
0x6d0b0000 - 0x6d1fb000 	F:\Venolin\Software Installations\Java\jdk1.6.0_25\jre\bin\awt.dll
0x71180000 - 0x71366000 	C:\Windows\WinSxS\x86_microsoft.windows.common-controls_6595b64144ccf1df_6.0.9600.17031_none_a9efdb8b01377ea7\COMCTL32.dll
0x6d2e0000 - 0x6d32f000 	F:\Venolin\Software Installations\Java\jdk1.6.0_25\jre\bin\fontmanager.dll
0x72e30000 - 0x72e39000 	C:\Windows\SYSTEM32\kernel.appcore.dll
0x6b250000 - 0x6b408000 	C:\Windows\SYSTEM32\d3d9.dll
0x67fe0000 - 0x68de2000 	C:\Windows\SYSTEM32\nvd3dum.dll
0x10000000 - 0x10109000 	C:\Windows\system32\nvspcap.dll
0x76160000 - 0x762df000 	C:\Windows\SYSTEM32\CRYPT32.dll
0x76960000 - 0x7696e000 	C:\Windows\SYSTEM32\MSASN1.dll
0x6af90000 - 0x6b24b000 	C:\Windows\SYSTEM32\nvapi.dll
0x74a50000 - 0x74bfd000 	C:\Windows\SYSTEM32\SETUPAPI.dll
0x6ea40000 - 0x6ea7e000 	C:\Windows\system32\powrprof.dll
0x6ae50000 - 0x6af87000 	C:\Program Files (x86)\NVIDIA Corporation\3D Vision\nvSCPAPI.dll
0x76120000 - 0x76158000 	C:\Windows\SYSTEM32\WINTRUST.dll
0x6e9d0000 - 0x6ea32000 	C:\Windows\system32\dxgi.dll
0x72e10000 - 0x72e28000 	C:\Windows\SYSTEM32\CRYPTSP.dll
0x72de0000 - 0x72e0f000 	C:\Windows\system32\rsaenh.dll
0x72dc0000 - 0x72ddd000 	C:\Windows\SYSTEM32\bcrypt.dll
0x6d6b0000 - 0x6d6c3000 	F:\Venolin\Software Installations\Java\jdk1.6.0_25\jre\bin\net.dll
0x76cf0000 - 0x76d3d000 	C:\Windows\SYSTEM32\WS2_32.dll
0x764d0000 - 0x764d7000 	C:\Windows\SYSTEM32\NSI.dll
0x72190000 - 0x721d5000 	C:\Windows\system32\mswsock.dll
0x6d6d0000 - 0x6d6d9000 	F:\Venolin\Software Installations\Java\jdk1.6.0_25\jre\bin\nio.dll
0x07490000 - 0x074bd000 	F:\Venolin\Software Installations\WordWeb\WHook.dll
0x6e080000 - 0x6e0c8000 	C:\Windows\SYSTEM32\OLEACC.dll
0x71ea0000 - 0x71eb0000 	C:\Windows\system32\napinsp.dll
0x71e80000 - 0x71e94000 	C:\Windows\system32\pnrpnsp.dll
0x71e60000 - 0x71e72000 	C:\Windows\system32\NLAapi.dll
0x71de0000 - 0x71e5c000 	C:\Windows\SYSTEM32\DNSAPI.dll
0x71dd0000 - 0x71dd9000 	C:\Windows\System32\winrnr.dll
0x71d70000 - 0x71d77000 	C:\Windows\System32\rasadhlp.dll
0x720d0000 - 0x720ee000 	C:\Windows\SYSTEM32\IPHLPAPI.DLL
0x720c0000 - 0x720c8000 	C:\Windows\SYSTEM32\WINNSI.DLL
0x71d80000 - 0x71dc4000 	C:\Windows\System32\fwpuclnt.dll
0x6c2c0000 - 0x6c322000 	C:\Users\venolin\AppData\Local\Temp\libsqlitejdbc-2843069666737981328.lib

VM Arguments:
jvm_args: -Dfile.encoding=UTF-8 
java_command: hcsws1.Main
Launcher Type: SUN_STANDARD

Environment Variables:
PATH=C:\Program Files (x86)\NVIDIA Corporation\PhysX\Common;C:\Windows\system32;C:\Windows;C:\Windows\System32\Wbem;C:\Windows\System32\WindowsPowerShell\v1.0\;C:\Program Files (x86)\Windows Kits\8.1\Windows Performance Toolkit\;C:\Program Files\Microsoft SQL Server\110\Tools\Binn\;C:\Program Files\Microsoft\Web Platform Installer\
USERNAME=venolin
OS=Windows_NT
PROCESSOR_IDENTIFIER=Intel64 Family 6 Model 26 Stepping 5, GenuineIntel



---------------  S Y S T E M  ---------------

OS: Windows NT 6.2 Build 9200 

CPU:total 8 (4 cores per cpu, 2 threads per core) family 6 model 26 stepping 5, cmov, cx8, fxsr, mmx, sse, sse2, sse3, ssse3, sse4.1, sse4.2, popcnt, ht

Memory: 4k page, physical 10476724k(6336944k free), swap 12115124k(6146948k free)

vm_info: Java HotSpot(TM) Client VM (20.0-b11) for windows-x86 JRE (1.6.0_25-b06), built on Apr 14 2011 01:04:32 by "java_re" with MS VC++ 7.1 (VS2003)

time: Thu Jul 10 03:31:42 2014
elapsed time: 20 seconds

